<?xml version="1.0" encoding="UTF-8"?>
<testsuite xmlns:xsi="http://www.w3.org/2001/XMLSchema-instance" xsi:noNamespaceSchemaLocation="https://maven.apache.org/surefire/maven-surefire-plugin/xsd/surefire-test-report.xsd" version="3.0.2" name="digio.co.th.movies_db.MoviesDbApplicationTests" time="10.677" tests="1" errors="0" skipped="0" failures="0">
  <properties>
[...]
</properties>
  <testcase name="contextLoads" classname="digio.co.th.movies_db.MoviesDbApplicationTests" time="0.92">
    <system-out><![CDATA[11:51:03.008 [main] INFO org.springframework.test.context.support.AnnotationConfigContextLoaderUtils -- Could not detect default configuration classes for test class [digio.co.th.movies_db.MoviesDbApplicationTests]: MoviesDbApplicationTests does not declare any static, non-private, non-final, nested classes annotated with @Configuration.
11:51:03.169 [main] INFO org.springframework.boot.test.context.SpringBootTestContextBootstrapper -- Found @SpringBootConfiguration digio.co.th.movies_db.MoviesDbApplication for test class digio.co.th.movies_db.MoviesDbApplicationTests

  .   ____          _            __ _ _
 /\\ / ___'_ __ _ _(_)_ __  __ _ \ \ \ \
( ( )\___ | '_ | '_| | '_ \/ _` | \ \ \ \
 \\/  ___)| |_)| | | | | || (_| |  ) ) ) )
  '  |____| .__|_| |_|_| |_\__, | / / / /
 =========|_|==============|___/=/_/_/_/

 :: Spring Boot ::                (v3.4.0)

2024-12-13T11:51:04.044+07:00  INFO 7848 --- [movies_db] [           main] d.c.t.m.MoviesDbApplicationTests         : Starting MoviesDbApplicationTests using Java 21.0.1 with PID 7848 (started by prasopchocksancharoen in /Users/prasopchocksancharoen/Documents/Intern-Poonsap/movies_db)
2024-12-13T11:51:04.046+07:00  INFO 7848 --- [movies_db] [           main] d.c.t.m.MoviesDbApplicationTests         : No active profile set, falling back to 1 default profile: "default"
2024-12-13T11:51:05.072+07:00  INFO 7848 --- [movies_db] [           main] .s.d.r.c.RepositoryConfigurationDelegate : Bootstrapping Spring Data JPA repositories in DEFAULT mode.
2024-12-13T11:51:05.210+07:00  INFO 7848 --- [movies_db] [           main] .s.d.r.c.RepositoryConfigurationDelegate : Finished Spring Data repository scanning in 119 ms. Found 2 JPA repository interfaces.
2024-12-13T11:51:05.898+07:00  INFO 7848 --- [movies_db] [           main] o.hibernate.jpa.internal.util.LogHelper  : HHH000204: Processing PersistenceUnitInfo [name: default]
2024-12-13T11:51:06.007+07:00  INFO 7848 --- [movies_db] [           main] org.hibernate.Version                    : HHH000412: Hibernate ORM core version 6.6.2.Final
2024-12-13T11:51:06.080+07:00  INFO 7848 --- [movies_db] [           main] o.h.c.internal.RegionFactoryInitiator    : HHH000026: Second-level cache disabled
2024-12-13T11:51:06.583+07:00  INFO 7848 --- [movies_db] [           main] o.s.o.j.p.SpringPersistenceUnitInfo      : No LoadTimeWeaver setup: ignoring JPA class transformer
2024-12-13T11:51:06.637+07:00  INFO 7848 --- [movies_db] [           main] com.zaxxer.hikari.HikariDataSource       : HikariPool-1 - Starting...
2024-12-13T11:51:07.221+07:00  INFO 7848 --- [movies_db] [           main] com.zaxxer.hikari.pool.HikariPool        : HikariPool-1 - Added connection com.mysql.cj.jdbc.ConnectionImpl@416a4275
2024-12-13T11:51:07.223+07:00  INFO 7848 --- [movies_db] [           main] com.zaxxer.hikari.HikariDataSource       : HikariPool-1 - Start completed.
2024-12-13T11:51:07.416+07:00  INFO 7848 --- [movies_db] [           main] org.hibernate.orm.connections.pooling    : HHH10001005: Database info:
	Database JDBC URL [Connecting through datasource 'HikariDataSource (HikariPool-1)']
	Database driver: undefined/unknown
	Database version: 8.0.40
	Autocommit mode: undefined/unknown
	Isolation level: undefined/unknown
	Minimum pool size: undefined/unknown
	Maximum pool size: undefined/unknown
2024-12-13T11:51:08.730+07:00  INFO 7848 --- [movies_db] [           main] o.h.e.t.j.p.i.JtaPlatformInitiator       : HHH000489: No JTA platform available (set 'hibernate.transaction.jta.platform' to enable JTA platform integration)
2024-12-13T11:51:08.884+07:00  INFO 7848 --- [movies_db] [           main] j.LocalContainerEntityManagerFactoryBean : Initialized JPA EntityManagerFactory for persistence unit 'default'
2024-12-13T11:51:09.258+07:00  INFO 7848 --- [movies_db] [           main] o.s.d.j.r.query.QueryEnhancerFactory     : Hibernate is in classpath; If applicable, HQL parser will be used.
2024-12-13T11:51:10.294+07:00  WARN 7848 --- [movies_db] [           main] JpaBaseConfiguration$JpaWebConfiguration : spring.jpa.open-in-view is enabled by default. Therefore, database queries may be performed during view rendering. Explicitly configure spring.jpa.open-in-view to disable this warning
2024-12-13T11:51:10.853+07:00  INFO 7848 --- [movies_db] [           main] d.c.t.m.MoviesDbApplicationTests         : Started MoviesDbApplicationTests in 7.209 seconds (process running for 8.849)
Hibernate: select count(*) from genres g1_0 where g1_0.idgen=?
Hibernate: select count(*) from genres g1_0 where g1_0.idgen=?
Hibernate: select count(*) from genres g1_0 where g1_0.idgen=?
Hibernate: select count(*) from genres g1_0 where g1_0.idgen=?
Hibernate: select count(*) from genres g1_0 where g1_0.idgen=?
Hibernate: select count(*) from genres g1_0 where g1_0.idgen=?
Hibernate: select count(*) from genres g1_0 where g1_0.idgen=?
Hibernate: select count(*) from genres g1_0 where g1_0.idgen=?
Hibernate: select count(*) from genres g1_0 where g1_0.idgen=?
Hibernate: select count(*) from genres g1_0 where g1_0.idgen=?
Hibernate: select count(*) from genres g1_0 where g1_0.idgen=?
Hibernate: select count(*) from genres g1_0 where g1_0.idgen=?
Hibernate: select count(*) from genres g1_0 where g1_0.idgen=?
Hibernate: select count(*) from genres g1_0 where g1_0.idgen=?
Hibernate: select count(*) from genres g1_0 where g1_0.idgen=?
Hibernate: select count(*) from genres g1_0 where g1_0.idgen=?
Hibernate: select count(*) from genres g1_0 where g1_0.idgen=?
Hibernate: select count(*) from genres g1_0 where g1_0.idgen=?
Hibernate: select count(*) from genres g1_0 where g1_0.idgen=?
Hibernate: select m1_0.idmovie,m1_0.background_path,m1_0.overview,m1_0.poster_path,m1_0.rating,m1_0.release_date,m1_0.title from movies m1_0 where m1_0.idmovie=?
Hibernate: select g1_0.idgen,g1_0.name from genres g1_0 where g1_0.idgen in (?,?,?,?,?)
Hibernate: select m1_0.idmovie,m1_0.background_path,m1_0.overview,m1_0.poster_path,m1_0.rating,m1_0.release_date,m1_0.title from movies m1_0 where m1_0.idmovie=?
Hibernate: select g1_0.idmovie,g1_1.idgen,g1_1.name from movie_genres g1_0 join genres g1_1 on g1_1.idgen=g1_0.idgen where g1_0.idmovie=?
Hibernate: update movies set background_path=?,overview=?,poster_path=?,rating=?,release_date=?,title=? where idmovie=?
Hibernate: select m1_0.idmovie,m1_0.background_path,m1_0.overview,m1_0.poster_path,m1_0.rating,m1_0.release_date,m1_0.title from movies m1_0 where m1_0.idmovie=?
Hibernate: select g1_0.idgen,g1_0.name from genres g1_0 where g1_0.idgen in (?,?,?,?)
Hibernate: select m1_0.idmovie,m1_0.background_path,m1_0.overview,m1_0.poster_path,m1_0.rating,m1_0.release_date,m1_0.title from movies m1_0 where m1_0.idmovie=?
Hibernate: select g1_0.idmovie,g1_1.idgen,g1_1.name from movie_genres g1_0 join genres g1_1 on g1_1.idgen=g1_0.idgen where g1_0.idmovie=?
Hibernate: select m1_0.idmovie,m1_0.background_path,m1_0.overview,m1_0.poster_path,m1_0.rating,m1_0.release_date,m1_0.title from movies m1_0 where m1_0.idmovie=?
Hibernate: select g1_0.idgen,g1_0.name from genres g1_0 where g1_0.idgen in (?,?,?)
Hibernate: select m1_0.idmovie,m1_0.background_path,m1_0.overview,m1_0.poster_path,m1_0.rating,m1_0.release_date,m1_0.title from movies m1_0 where m1_0.idmovie=?
Hibernate: select g1_0.idmovie,g1_1.idgen,g1_1.name from movie_genres g1_0 join genres g1_1 on g1_1.idgen=g1_0.idgen where g1_0.idmovie=?
Hibernate: select m1_0.idmovie,m1_0.background_path,m1_0.overview,m1_0.poster_path,m1_0.rating,m1_0.release_date,m1_0.title from movies m1_0 where m1_0.idmovie=?
Hibernate: select g1_0.idgen,g1_0.name from genres g1_0 where g1_0.idgen in (?,?)
Hibernate: select m1_0.idmovie,m1_0.background_path,m1_0.overview,m1_0.poster_path,m1_0.rating,m1_0.release_date,m1_0.title from movies m1_0 where m1_0.idmovie=?
Hibernate: select g1_0.idmovie,g1_1.idgen,g1_1.name from movie_genres g1_0 join genres g1_1 on g1_1.idgen=g1_0.idgen where g1_0.idmovie=?
Hibernate: select m1_0.idmovie,m1_0.background_path,m1_0.overview,m1_0.poster_path,m1_0.rating,m1_0.release_date,m1_0.title from movies m1_0 where m1_0.idmovie=?
Hibernate: select g1_0.idgen,g1_0.name from genres g1_0 where g1_0.idgen in (?,?,?)
Hibernate: select m1_0.idmovie,m1_0.background_path,m1_0.overview,m1_0.poster_path,m1_0.rating,m1_0.release_date,m1_0.title from movies m1_0 where m1_0.idmovie=?
Hibernate: select g1_0.idmovie,g1_1.idgen,g1_1.name from movie_genres g1_0 join genres g1_1 on g1_1.idgen=g1_0.idgen where g1_0.idmovie=?
Hibernate: select m1_0.idmovie,m1_0.background_path,m1_0.overview,m1_0.poster_path,m1_0.rating,m1_0.release_date,m1_0.title from movies m1_0 where m1_0.idmovie=?
Hibernate: select g1_0.idgen,g1_0.name from genres g1_0 where g1_0.idgen in (?,?,?)
Hibernate: select m1_0.idmovie,m1_0.background_path,m1_0.overview,m1_0.poster_path,m1_0.rating,m1_0.release_date,m1_0.title from movies m1_0 where m1_0.idmovie=?
Hibernate: select g1_0.idmovie,g1_1.idgen,g1_1.name from movie_genres g1_0 join genres g1_1 on g1_1.idgen=g1_0.idgen where g1_0.idmovie=?
Hibernate: select m1_0.idmovie,m1_0.background_path,m1_0.overview,m1_0.poster_path,m1_0.rating,m1_0.release_date,m1_0.title from movies m1_0 where m1_0.idmovie=?
Hibernate: select g1_0.idgen,g1_0.name from genres g1_0 where g1_0.idgen in (?,?)
Hibernate: select m1_0.idmovie,m1_0.background_path,m1_0.overview,m1_0.poster_path,m1_0.rating,m1_0.release_date,m1_0.title from movies m1_0 where m1_0.idmovie=?
Hibernate: select g1_0.idmovie,g1_1.idgen,g1_1.name from movie_genres g1_0 join genres g1_1 on g1_1.idgen=g1_0.idgen where g1_0.idmovie=?
Hibernate: select m1_0.idmovie,m1_0.background_path,m1_0.overview,m1_0.poster_path,m1_0.rating,m1_0.release_date,m1_0.title from movies m1_0 where m1_0.idmovie=?
Hibernate: select g1_0.idgen,g1_0.name from genres g1_0 where g1_0.idgen in (?,?,?)
Hibernate: select m1_0.idmovie,m1_0.background_path,m1_0.overview,m1_0.poster_path,m1_0.rating,m1_0.release_date,m1_0.title from movies m1_0 where m1_0.idmovie=?
Hibernate: select g1_0.idmovie,g1_1.idgen,g1_1.name from movie_genres g1_0 join genres g1_1 on g1_1.idgen=g1_0.idgen where g1_0.idmovie=?
Hibernate: select m1_0.idmovie,m1_0.background_path,m1_0.overview,m1_0.poster_path,m1_0.rating,m1_0.release_date,m1_0.title from movies m1_0 where m1_0.idmovie=?
Hibernate: select g1_0.idgen,g1_0.name from genres g1_0 where g1_0.idgen in (?)
Hibernate: select m1_0.idmovie,m1_0.background_path,m1_0.overview,m1_0.poster_path,m1_0.rating,m1_0.release_date,m1_0.title from movies m1_0 where m1_0.idmovie=?
Hibernate: select g1_0.idmovie,g1_1.idgen,g1_1.name from movie_genres g1_0 join genres g1_1 on g1_1.idgen=g1_0.idgen where g1_0.idmovie=?
Hibernate: select m1_0.idmovie,m1_0.background_path,m1_0.overview,m1_0.poster_path,m1_0.rating,m1_0.release_date,m1_0.title from movies m1_0 where m1_0.idmovie=?
Hibernate: select g1_0.idgen,g1_0.name from genres g1_0 where g1_0.idgen in (?,?,?)
Hibernate: select m1_0.idmovie,m1_0.background_path,m1_0.overview,m1_0.poster_path,m1_0.rating,m1_0.release_date,m1_0.title from movies m1_0 where m1_0.idmovie=?
Hibernate: select g1_0.idmovie,g1_1.idgen,g1_1.name from movie_genres g1_0 join genres g1_1 on g1_1.idgen=g1_0.idgen where g1_0.idmovie=?
Hibernate: select m1_0.idmovie,m1_0.background_path,m1_0.overview,m1_0.poster_path,m1_0.rating,m1_0.release_date,m1_0.title from movies m1_0 where m1_0.idmovie=?
Hibernate: select g1_0.idgen,g1_0.name from genres g1_0 where g1_0.idgen in (?,?)
Hibernate: select m1_0.idmovie,m1_0.background_path,m1_0.overview,m1_0.poster_path,m1_0.rating,m1_0.release_date,m1_0.title from movies m1_0 where m1_0.idmovie=?
Hibernate: select g1_0.idmovie,g1_1.idgen,g1_1.name from movie_genres g1_0 join genres g1_1 on g1_1.idgen=g1_0.idgen where g1_0.idmovie=?
Hibernate: update movies set background_path=?,overview=?,poster_path=?,rating=?,release_date=?,title=? where idmovie=?
Hibernate: select m1_0.idmovie,m1_0.background_path,m1_0.overview,m1_0.poster_path,m1_0.rating,m1_0.release_date,m1_0.title from movies m1_0 where m1_0.idmovie=?
Hibernate: select g1_0.idgen,g1_0.name from genres g1_0 where g1_0.idgen in (?,?,?)
Hibernate: select m1_0.idmovie,m1_0.background_path,m1_0.overview,m1_0.poster_path,m1_0.rating,m1_0.release_date,m1_0.title from movies m1_0 where m1_0.idmovie=?
Hibernate: select g1_0.idmovie,g1_1.idgen,g1_1.name from movie_genres g1_0 join genres g1_1 on g1_1.idgen=g1_0.idgen where g1_0.idmovie=?
Hibernate: select m1_0.idmovie,m1_0.background_path,m1_0.overview,m1_0.poster_path,m1_0.rating,m1_0.release_date,m1_0.title from movies m1_0 where m1_0.idmovie=?
Hibernate: select g1_0.idgen,g1_0.name from genres g1_0 where g1_0.idgen in (?,?,?)
Hibernate: select m1_0.idmovie,m1_0.background_path,m1_0.overview,m1_0.poster_path,m1_0.rating,m1_0.release_date,m1_0.title from movies m1_0 where m1_0.idmovie=?
Hibernate: select g1_0.idmovie,g1_1.idgen,g1_1.name from movie_genres g1_0 join genres g1_1 on g1_1.idgen=g1_0.idgen where g1_0.idmovie=?
Hibernate: select m1_0.idmovie,m1_0.background_path,m1_0.overview,m1_0.poster_path,m1_0.rating,m1_0.release_date,m1_0.title from movies m1_0 where m1_0.idmovie=?
Hibernate: select g1_0.idgen,g1_0.name from genres g1_0 where g1_0.idgen in (?,?)
Hibernate: select m1_0.idmovie,m1_0.background_path,m1_0.overview,m1_0.poster_path,m1_0.rating,m1_0.release_date,m1_0.title from movies m1_0 where m1_0.idmovie=?
Hibernate: select g1_0.idmovie,g1_1.idgen,g1_1.name from movie_genres g1_0 join genres g1_1 on g1_1.idgen=g1_0.idgen where g1_0.idmovie=?
Hibernate: select m1_0.idmovie,m1_0.background_path,m1_0.overview,m1_0.poster_path,m1_0.rating,m1_0.release_date,m1_0.title from movies m1_0 where m1_0.idmovie=?
Hibernate: select g1_0.idgen,g1_0.name from genres g1_0 where g1_0.idgen in (?,?)
No genres found for movie with ID: 202879
Hibernate: select m1_0.idmovie,m1_0.background_path,m1_0.overview,m1_0.poster_path,m1_0.rating,m1_0.release_date,m1_0.title from movies m1_0 where m1_0.idmovie=?
Hibernate: select g1_0.idgen,g1_0.name from genres g1_0 where g1_0.idgen in (?,?,?,?)
Hibernate: select m1_0.idmovie,m1_0.background_path,m1_0.overview,m1_0.poster_path,m1_0.rating,m1_0.release_date,m1_0.title from movies m1_0 where m1_0.idmovie=?
Hibernate: select g1_0.idmovie,g1_1.idgen,g1_1.name from movie_genres g1_0 join genres g1_1 on g1_1.idgen=g1_0.idgen where g1_0.idmovie=?
Hibernate: select m1_0.idmovie,m1_0.background_path,m1_0.overview,m1_0.poster_path,m1_0.rating,m1_0.release_date,m1_0.title from movies m1_0 where m1_0.idmovie=?
Hibernate: select g1_0.idgen,g1_0.name from genres g1_0 where g1_0.idgen in (?,?,?,?)
Hibernate: select m1_0.idmovie,m1_0.background_path,m1_0.overview,m1_0.poster_path,m1_0.rating,m1_0.release_date,m1_0.title from movies m1_0 where m1_0.idmovie=?
Hibernate: select g1_0.idmovie,g1_1.idgen,g1_1.name from movie_genres g1_0 join genres g1_1 on g1_1.idgen=g1_0.idgen where g1_0.idmovie=?
Hibernate: update movies set background_path=?,overview=?,poster_path=?,rating=?,release_date=?,title=? where idmovie=?
Hibernate: select m1_0.idmovie,m1_0.background_path,m1_0.overview,m1_0.poster_path,m1_0.rating,m1_0.release_date,m1_0.title from movies m1_0 where m1_0.idmovie=?
Hibernate: select g1_0.idgen,g1_0.name from genres g1_0 where g1_0.idgen in (?,?,?,?,?,?,?)
Hibernate: select m1_0.idmovie,m1_0.background_path,m1_0.overview,m1_0.poster_path,m1_0.rating,m1_0.release_date,m1_0.title from movies m1_0 where m1_0.idmovie=?
Hibernate: select g1_0.idmovie,g1_1.idgen,g1_1.name from movie_genres g1_0 join genres g1_1 on g1_1.idgen=g1_0.idgen where g1_0.idmovie=?
Hibernate: select m1_0.idmovie,m1_0.background_path,m1_0.overview,m1_0.poster_path,m1_0.rating,m1_0.release_date,m1_0.title from movies m1_0 where m1_0.idmovie=?
Hibernate: select g1_0.idgen,g1_0.name from genres g1_0 where g1_0.idgen in (?,?,?)
Hibernate: select m1_0.idmovie,m1_0.background_path,m1_0.overview,m1_0.poster_path,m1_0.rating,m1_0.release_date,m1_0.title from movies m1_0 where m1_0.idmovie=?
Hibernate: select g1_0.idmovie,g1_1.idgen,g1_1.name from movie_genres g1_0 join genres g1_1 on g1_1.idgen=g1_0.idgen where g1_0.idmovie=?
Hibernate: select m1_0.idmovie,m1_0.background_path,m1_0.overview,m1_0.poster_path,m1_0.rating,m1_0.release_date,m1_0.title from movies m1_0 where m1_0.idmovie=?
Hibernate: select g1_0.idgen,g1_0.name from genres g1_0 where g1_0.idgen in (?,?,?,?)
Hibernate: select m1_0.idmovie,m1_0.background_path,m1_0.overview,m1_0.poster_path,m1_0.rating,m1_0.release_date,m1_0.title from movies m1_0 where m1_0.idmovie=?
Hibernate: select g1_0.idgen,g1_0.name from genres g1_0 where g1_0.idgen=?
Hibernate: select g1_0.idgen,g1_0.name from genres g1_0 where g1_0.idgen=?
Hibernate: select g1_0.idgen,g1_0.name from genres g1_0 where g1_0.idgen=?
Hibernate: select g1_0.idgen,g1_0.name from genres g1_0 where g1_0.idgen=?
Hibernate: insert into movies (background_path,overview,poster_path,rating,release_date,title,idmovie) values (?,?,?,?,?,?,?)
Hibernate: insert into movie_genres (idmovie,idgen) values (?,?)
Hibernate: insert into movie_genres (idmovie,idgen) values (?,?)
Hibernate: insert into movie_genres (idmovie,idgen) values (?,?)
Hibernate: insert into movie_genres (idmovie,idgen) values (?,?)
]]></system-out>
    <system-err><![CDATA[Mockito is currently self-attaching to enable the inline-mock-maker. This will no longer work in future releases of the JDK. Please add Mockito as an agent to your build what is described in Mockito's documentation: https://javadoc.io/doc/org.mockito/mockito-core/latest/org/mockito/Mockito.html#0.3
WARNING: A Java agent has been loaded dynamically (/Users/prasopchocksancharoen/.m2/repository/net/bytebuddy/byte-buddy-agent/1.15.10/byte-buddy-agent-1.15.10.jar)
WARNING: If a serviceability tool is in use, please run with -XX:+EnableDynamicAgentLoading to hide this warning
WARNING: If a serviceability tool is not in use, please run with -Djdk.instrument.traceUsage for more information
WARNING: Dynamic loading of agents will be disallowed by default in a future release
]]></system-err>
  </testcase>
</testsuite>